2023.04.10 17:55:25 INFO  Started: Metals version 0.11.11 in workspace '/home/patryk/projects/pwegrzyn.github.io' for client Visual Studio Code 1.77.0.[0m
SLF4J: No SLF4J providers were found.
SLF4J: Defaulting to no-operation (NOP) logger implementation
SLF4J: See https://www.slf4j.org/codes.html#noProviders for further details.
SLF4J: Class path contains SLF4J bindings targeting slf4j-api versions 1.7.x or earlier.
SLF4J: Ignoring binding found at [jar:file:/home/patryk/.cache/coursier/v1/https/repo1.maven.org/maven2/com/outr/scribe-slf4j_2.13/3.11.0/scribe-slf4j_2.13-3.11.0.jar!/org/slf4j/impl/StaticLoggerBinder.class]
SLF4J: See https://www.slf4j.org/codes.html#ignoredBindings for an explanation.
2023.04.10 17:55:26 INFO  time: initialize in 0.48s[0m
2023.04.10 17:55:27 WARN  Build server is not auto-connectable.[0m
2023.04.10 17:55:27 WARN  no build tool detected in workspace '/home/patryk/projects/pwegrzyn.github.io'. The most common cause for this problem is that the editor was opened in the wrong working directory, for example if you use sbt then the workspace directory should contain build.sbt. [0m
2023.04.10 17:55:47 INFO  Shutting down server[0m
2023.04.10 17:55:47 INFO  shutting down Metals[0m
2023.04.10 17:55:47 INFO  Exiting server[0m
2023.08.19 17:37:37 INFO  Started: Metals version 1.0.0 in folders '/home/patryk/projects/pwegrzyn.github.io' for client Visual Studio Code 1.81.1.[0m
Aug 19, 2023 5:37:37 PM org.flywaydb.core.internal.license.VersionPrinter printVersionOnly
INFO: Flyway Community Edition 9.20.1 by Redgate
Aug 19, 2023 5:37:37 PM org.flywaydb.core.internal.license.VersionPrinter printVersion
INFO: See release notes here: https://rd.gt/416ObMi
Aug 19, 2023 5:37:37 PM org.flywaydb.core.internal.license.VersionPrinter printVersion
INFO: 
Aug 19, 2023 5:37:37 PM org.flywaydb.core.internal.database.base.BaseDatabaseType createDatabase
INFO: Database: jdbc:h2:file:/home/patryk/projects/pwegrzyn.github.io/.metals/metals (H2 2.1)
Aug 19, 2023 5:37:37 PM org.flywaydb.core.internal.command.DbValidate validate
INFO: Successfully validated 4 migrations (execution time 00:00.020s)
Aug 19, 2023 5:37:37 PM org.flywaydb.core.internal.command.DbMigrate migrateGroup
INFO: Current version of schema "PUBLIC": 4
Aug 19, 2023 5:37:37 PM org.flywaydb.core.internal.command.DbMigrate logSummary
INFO: Schema "PUBLIC" is up to date. No migration necessary.
2023.08.19 17:37:37 INFO  time: initialize in 0.51s[0m
2023.08.19 17:37:39 WARN  Build server is not auto-connectable.[0m
2023.08.19 17:37:39 WARN  no build tool detected in workspace '/home/patryk/projects/pwegrzyn.github.io'. The most common cause for this problem is that the editor was opened in the wrong working directory, for example if you use sbt then the workspace directory should contain build.sbt. [0m
Aug 19, 2023 5:38:14 PM org.eclipse.lsp4j.jsonrpc.services.GenericEndpoint notify
INFO: Unsupported notification method: $/setTrace
